[0m21:09:48.702435 [debug] [MainThread]: Sending event: {'category': 'dbt', 'action': 'invocation', 'label': 'start', 'context': [<snowplow_tracker.self_describing_json.SelfDescribingJson object at 0x0000021C42362900>, <snowplow_tracker.self_describing_json.SelfDescribingJson object at 0x0000021C403AE5D0>, <snowplow_tracker.self_describing_json.SelfDescribingJson object at 0x0000021C42C15810>]}


============================== 21:09:48.716023 | 6d513c56-1032-4133-919a-30b33657a754 ==============================
[0m21:09:48.716023 [info ] [MainThread]: Running with dbt=1.9.4
[0m21:09:48.716837 [debug] [MainThread]: running dbt with arguments {'printer_width': '80', 'indirect_selection': 'eager', 'write_json': 'True', 'log_cache_events': 'False', 'partial_parse': 'True', 'cache_selected_only': 'False', 'profiles_dir': 'C:\\Users\\thenr\\.dbt', 'version_check': 'True', 'debug': 'False', 'log_path': 'logs', 'fail_fast': 'False', 'warn_error': 'None', 'use_colors': 'True', 'use_experimental_parser': 'False', 'no_print': 'None', 'quiet': 'False', 'empty': 'None', 'warn_error_options': 'WarnErrorOptions(include=[], exclude=[])', 'introspect': 'True', 'invocation_command': 'dbt init', 'static_parser': 'True', 'target_path': 'None', 'log_format': 'default', 'send_anonymous_usage_stats': 'True'}
[0m21:10:16.745343 [debug] [MainThread]: Starter project path: C:\Users\thenr\Github\youtube_comment_analysis\dbt\dbt-core\Lib\site-packages\dbt\include\starter_project
[0m21:10:16.759724 [info ] [MainThread]: 
Your new dbt project "dbt_yt_comment_analysis" was created!

For more information on how to configure the profiles.yml file,
please consult the dbt documentation here:

  https://docs.getdbt.com/docs/configure-your-profile

One more thing:

Need help? Don't hesitate to reach out to us via GitHub issues or on Slack:

  https://community.getdbt.com/

Happy modeling!

[0m21:10:16.760482 [info ] [MainThread]: Setting up your profile.
[0m21:10:39.619798 [info ] [MainThread]: Profile dbt_yt_comment_analysis written to C:\Users\thenr\.dbt\profiles.yml using target's profile_template.yml and your supplied values. Run 'dbt debug' to validate the connection.
[0m21:10:39.621229 [debug] [MainThread]: Command `dbt init` succeeded at 21:10:39.621071 after 51.04 seconds
[0m21:10:39.621623 [debug] [MainThread]: Sending event: {'category': 'dbt', 'action': 'invocation', 'label': 'end', 'context': [<snowplow_tracker.self_describing_json.SelfDescribingJson object at 0x0000021C511A7E10>, <snowplow_tracker.self_describing_json.SelfDescribingJson object at 0x0000021C441A8290>, <snowplow_tracker.self_describing_json.SelfDescribingJson object at 0x0000021C5119B240>]}
[0m21:10:39.622049 [debug] [MainThread]: Flushing usage events
[0m21:10:40.143792 [debug] [MainThread]: An error was encountered while trying to flush usage events
